<?xml version="1.0" encoding="UTF-8"?>
<!-- Generated by org.testng.reporters.JUnitXMLReporter -->
<testsuite ignored="0" hostname="CELSYSNCR000070" failures="0" tests="4" name="PetTests" time="16.458" errors="0" timestamp="2024-01-02T09:51:30 IST">
  <testcase classname="api.test.UserTests2" name="testPostUser" time="4.07"/>
  <testcase classname="api.test.UserTests2" name="testGetUserByName" time="2.978"/>
  <testcase classname="api.test.UserTests2" name="testUpdateUserByName" time="4.538"/>
  <testcase classname="api.test.UserTests2" name="testDeleteUserByName" time="3.972"/>
</testsuite> <!-- PetTests -->
