<?xml version="1.0" encoding="UTF-8"?>
<!-- Generated by org.testng.reporters.JUnitXMLReporter -->
<testsuite ignored="0" hostname="CELSYSNCR000070" failures="0" tests="4" name="PetTests" time="26.359" errors="0" timestamp="2024-01-02T09:47:38 IST">
  <testcase classname="api.test.UserTests2" name="testPostUser" time="6.709"/>
  <testcase classname="api.test.UserTests2" name="testGetUserByName" time="6.785"/>
  <testcase classname="api.test.UserTests2" name="testUpdateUserByName" time="9.055"/>
  <testcase classname="api.test.UserTests2" name="testDeleteUserByName" time="2.521"/>
</testsuite> <!-- PetTests -->
